2025-11-21 20:04:33,455 INFO o.a.j.u.JMeterUtils: Setting Locale to en_EN
2025-11-21 20:04:33,464 INFO o.a.j.JMeter: Loading user properties from: /opt/homebrew/Cellar/jmeter/5.6.3/libexec/bin/user.properties
2025-11-21 20:04:33,465 INFO o.a.j.JMeter: Loading system properties from: /opt/homebrew/Cellar/jmeter/5.6.3/libexec/bin/system.properties
2025-11-21 20:04:33,467 INFO o.a.j.JMeter: Copyright (c) 1998-2024 The Apache Software Foundation
2025-11-21 20:04:33,467 INFO o.a.j.JMeter: Version 5.6.3
2025-11-21 20:04:33,467 INFO o.a.j.JMeter: java.version=21.0.9
2025-11-21 20:04:33,467 INFO o.a.j.JMeter: java.vm.name=OpenJDK 64-Bit Server VM
2025-11-21 20:04:33,467 INFO o.a.j.JMeter: os.name=Mac OS X
2025-11-21 20:04:33,467 INFO o.a.j.JMeter: os.arch=aarch64
2025-11-21 20:04:33,467 INFO o.a.j.JMeter: os.version=26.0.1
2025-11-21 20:04:33,468 INFO o.a.j.JMeter: file.encoding=UTF-8
2025-11-21 20:04:33,468 INFO o.a.j.JMeter: java.awt.headless=true
2025-11-21 20:04:33,468 INFO o.a.j.JMeter: Max memory     =1073741824
2025-11-21 20:04:33,468 INFO o.a.j.JMeter: Available Processors =10
2025-11-21 20:04:33,473 INFO o.a.j.JMeter: Default Locale=English (EN)
2025-11-21 20:04:33,473 INFO o.a.j.JMeter: JMeter  Locale=English (EN)
2025-11-21 20:04:33,473 INFO o.a.j.JMeter: JMeterHome=/opt/homebrew/Cellar/jmeter/5.6.3/libexec
2025-11-21 20:04:33,473 INFO o.a.j.JMeter: user.dir  =/Users/rahulchhabra/Development/kv-storage
2025-11-21 20:04:33,473 INFO o.a.j.JMeter: PWD       =/Users/rahulchhabra/Development/kv-storage
2025-11-21 20:04:33,483 INFO o.a.j.JMeter: IP: 192.168.137.212 Name: Mac.mshome.net FullName: mac.mshome.net
2025-11-21 20:04:33,488 INFO o.a.j.JMeter: Setting property 'jmeter.reportgenerator.outputdir' to:'/Users/rahulchhabra/Development/kv-storage/HTMLReport'
2025-11-21 20:04:33,488 ERROR o.a.j.JMeter: An error occurred: 
org.apache.jmeter.report.config.ConfigurationException: The file /Users/rahulchhabra/Development/kv-storage/TestPlan.jmx doesn't exist or can't be opened
	at org.apache.jmeter.JMeter.runNonGui(JMeter.java:950) ~[ApacheJMeter_core.jar:5.6.3]
	at org.apache.jmeter.JMeter.startNonGui(JMeter.java:940) ~[ApacheJMeter_core.jar:5.6.3]
	at org.apache.jmeter.JMeter.start(JMeter.java:508) [ApacheJMeter_core.jar:5.6.3]
	at java.base/jdk.internal.reflect.DirectMethodHandleAccessor.invoke(DirectMethodHandleAccessor.java:103) ~[?:?]
	at java.base/java.lang.reflect.Method.invoke(Method.java:580) ~[?:?]
	at org.apache.jmeter.NewDriver.main(NewDriver.java:259) [ApacheJMeter.jar:5.6.3]
